<?xml version="1.0" encoding="UTF-8"?>
<testsuite xmlns:xsi="http://www.w3.org/2001/XMLSchema-instance" xsi:noNamespaceSchemaLocation="https://maven.apache.org/surefire/maven-surefire-plugin/xsd/surefire-test-report.xsd" name="hellomq.HellomqApplicationTests" time="1.774" tests="1" errors="0" skipped="0" failures="0">
  <properties>
    <property name="sun.desktop" value="windows"/>
    <property name="awt.toolkit" value="sun.awt.windows.WToolkit"/>
    <property name="file.encoding.pkg" value="sun.io"/>
    <property name="java.specification.version" value="1.8"/>
    <property name="sun.cpu.isalist" value="pentium_pro+mmx pentium_pro pentium+mmx pentium i486 i386 i86"/>
    <property name="sun.jnu.encoding" value="GBK"/>
    <property name="java.class.path" value="C:\study\hellomq\target\test-classes;C:\study\hellomq\target\classes;C:\MavenRepository\org\springframework\boot\spring-boot-starter-web\2.4.1\spring-boot-starter-web-2.4.1.jar;C:\MavenRepository\org\springframework\boot\spring-boot-starter\2.4.1\spring-boot-starter-2.4.1.jar;C:\MavenRepository\org\springframework\boot\spring-boot\2.4.1\spring-boot-2.4.1.jar;C:\MavenRepository\org\springframework\boot\spring-boot-autoconfigure\2.4.1\spring-boot-autoconfigure-2.4.1.jar;C:\MavenRepository\org\springframework\boot\spring-boot-starter-logging\2.4.1\spring-boot-starter-logging-2.4.1.jar;C:\MavenRepository\ch\qos\logback\logback-classic\1.2.3\logback-classic-1.2.3.jar;C:\MavenRepository\ch\qos\logback\logback-core\1.2.3\logback-core-1.2.3.jar;C:\MavenRepository\org\apache\logging\log4j\log4j-to-slf4j\2.13.3\log4j-to-slf4j-2.13.3.jar;C:\MavenRepository\org\apache\logging\log4j\log4j-api\2.13.3\log4j-api-2.13.3.jar;C:\MavenRepository\org\slf4j\jul-to-slf4j\1.7.30\jul-to-slf4j-1.7.30.jar;C:\MavenRepository\jakarta\annotation\jakarta.annotation-api\1.3.5\jakarta.annotation-api-1.3.5.jar;C:\MavenRepository\org\yaml\snakeyaml\1.27\snakeyaml-1.27.jar;C:\MavenRepository\org\springframework\boot\spring-boot-starter-json\2.4.1\spring-boot-starter-json-2.4.1.jar;C:\MavenRepository\com\fasterxml\jackson\core\jackson-databind\2.11.3\jackson-databind-2.11.3.jar;C:\MavenRepository\com\fasterxml\jackson\core\jackson-annotations\2.11.3\jackson-annotations-2.11.3.jar;C:\MavenRepository\com\fasterxml\jackson\core\jackson-core\2.11.3\jackson-core-2.11.3.jar;C:\MavenRepository\com\fasterxml\jackson\datatype\jackson-datatype-jdk8\2.11.3\jackson-datatype-jdk8-2.11.3.jar;C:\MavenRepository\com\fasterxml\jackson\datatype\jackson-datatype-jsr310\2.11.3\jackson-datatype-jsr310-2.11.3.jar;C:\MavenRepository\com\fasterxml\jackson\module\jackson-module-parameter-names\2.11.3\jackson-module-parameter-names-2.11.3.jar;C:\MavenRepository\org\springframework\boot\spring-boot-starter-tomcat\2.4.1\spring-boot-starter-tomcat-2.4.1.jar;C:\MavenRepository\org\apache\tomcat\embed\tomcat-embed-core\9.0.41\tomcat-embed-core-9.0.41.jar;C:\MavenRepository\org\glassfish\jakarta.el\3.0.3\jakarta.el-3.0.3.jar;C:\MavenRepository\org\apache\tomcat\embed\tomcat-embed-websocket\9.0.41\tomcat-embed-websocket-9.0.41.jar;C:\MavenRepository\org\springframework\spring-web\5.3.2\spring-web-5.3.2.jar;C:\MavenRepository\org\springframework\spring-beans\5.3.2\spring-beans-5.3.2.jar;C:\MavenRepository\org\springframework\spring-webmvc\5.3.2\spring-webmvc-5.3.2.jar;C:\MavenRepository\org\springframework\spring-aop\5.3.2\spring-aop-5.3.2.jar;C:\MavenRepository\org\springframework\spring-context\5.3.2\spring-context-5.3.2.jar;C:\MavenRepository\org\springframework\spring-expression\5.3.2\spring-expression-5.3.2.jar;C:\MavenRepository\org\springframework\boot\spring-boot-starter-test\2.4.1\spring-boot-starter-test-2.4.1.jar;C:\MavenRepository\org\springframework\boot\spring-boot-test\2.4.1\spring-boot-test-2.4.1.jar;C:\MavenRepository\org\springframework\boot\spring-boot-test-autoconfigure\2.4.1\spring-boot-test-autoconfigure-2.4.1.jar;C:\MavenRepository\com\jayway\jsonpath\json-path\2.4.0\json-path-2.4.0.jar;C:\MavenRepository\net\minidev\json-smart\2.3\json-smart-2.3.jar;C:\MavenRepository\net\minidev\accessors-smart\1.2\accessors-smart-1.2.jar;C:\MavenRepository\org\ow2\asm\asm\5.0.4\asm-5.0.4.jar;C:\MavenRepository\jakarta\xml\bind\jakarta.xml.bind-api\2.3.3\jakarta.xml.bind-api-2.3.3.jar;C:\MavenRepository\jakarta\activation\jakarta.activation-api\1.2.2\jakarta.activation-api-1.2.2.jar;C:\MavenRepository\org\assertj\assertj-core\3.18.1\assertj-core-3.18.1.jar;C:\MavenRepository\org\hamcrest\hamcrest\2.2\hamcrest-2.2.jar;C:\MavenRepository\org\junit\jupiter\junit-jupiter\5.7.0\junit-jupiter-5.7.0.jar;C:\MavenRepository\org\junit\jupiter\junit-jupiter-api\5.7.0\junit-jupiter-api-5.7.0.jar;C:\MavenRepository\org\apiguardian\apiguardian-api\1.1.0\apiguardian-api-1.1.0.jar;C:\MavenRepository\org\opentest4j\opentest4j\1.2.0\opentest4j-1.2.0.jar;C:\MavenRepository\org\junit\platform\junit-platform-commons\1.7.0\junit-platform-commons-1.7.0.jar;C:\MavenRepository\org\junit\jupiter\junit-jupiter-params\5.7.0\junit-jupiter-params-5.7.0.jar;C:\MavenRepository\org\junit\jupiter\junit-jupiter-engine\5.7.0\junit-jupiter-engine-5.7.0.jar;C:\MavenRepository\org\junit\platform\junit-platform-engine\1.7.0\junit-platform-engine-1.7.0.jar;C:\MavenRepository\org\mockito\mockito-core\3.6.28\mockito-core-3.6.28.jar;C:\MavenRepository\net\bytebuddy\byte-buddy\1.10.18\byte-buddy-1.10.18.jar;C:\MavenRepository\net\bytebuddy\byte-buddy-agent\1.10.18\byte-buddy-agent-1.10.18.jar;C:\MavenRepository\org\objenesis\objenesis\3.1\objenesis-3.1.jar;C:\MavenRepository\org\mockito\mockito-junit-jupiter\3.6.28\mockito-junit-jupiter-3.6.28.jar;C:\MavenRepository\org\skyscreamer\jsonassert\1.5.0\jsonassert-1.5.0.jar;C:\MavenRepository\com\vaadin\external\google\android-json\0.0.20131108.vaadin1\android-json-0.0.20131108.vaadin1.jar;C:\MavenRepository\org\springframework\spring-core\5.3.2\spring-core-5.3.2.jar;C:\MavenRepository\org\springframework\spring-jcl\5.3.2\spring-jcl-5.3.2.jar;C:\MavenRepository\org\springframework\spring-test\5.3.2\spring-test-5.3.2.jar;C:\MavenRepository\org\xmlunit\xmlunit-core\2.7.0\xmlunit-core-2.7.0.jar;C:\MavenRepository\com\rabbitmq\amqp-client\5.7.2\amqp-client-5.7.2.jar;C:\MavenRepository\org\slf4j\slf4j-api\1.7.30\slf4j-api-1.7.30.jar;"/>
    <property name="java.vm.vendor" value="Oracle Corporation"/>
    <property name="sun.arch.data.model" value="32"/>
    <property name="user.variant" value=""/>
    <property name="java.vendor.url" value="http://java.oracle.com/"/>
    <property name="user.timezone" value="GMT+08:00"/>
    <property name="java.vm.specification.version" value="1.8"/>
    <property name="os.name" value="Windows 10"/>
    <property name="user.country" value="CN"/>
    <property name="sun.java.launcher" value="SUN_STANDARD"/>
    <property name="sun.boot.library.path" value="C:\Program Files (x86)\Java\jdk1.8.0_152\jre\bin"/>
    <property name="sun.java.command" value="C:\Users\0\AppData\Local\Temp\surefire2994505435565968279\surefirebooter6709747748998414233.jar C:\Users\0\AppData\Local\Temp\surefire2994505435565968279 2021-01-07T17-48-03_578-jvmRun1 surefire3556576778584396254tmp surefire_06286913783124612278tmp"/>
    <property name="surefire.test.class.path" value="C:\study\hellomq\target\test-classes;C:\study\hellomq\target\classes;C:\MavenRepository\org\springframework\boot\spring-boot-starter-web\2.4.1\spring-boot-starter-web-2.4.1.jar;C:\MavenRepository\org\springframework\boot\spring-boot-starter\2.4.1\spring-boot-starter-2.4.1.jar;C:\MavenRepository\org\springframework\boot\spring-boot\2.4.1\spring-boot-2.4.1.jar;C:\MavenRepository\org\springframework\boot\spring-boot-autoconfigure\2.4.1\spring-boot-autoconfigure-2.4.1.jar;C:\MavenRepository\org\springframework\boot\spring-boot-starter-logging\2.4.1\spring-boot-starter-logging-2.4.1.jar;C:\MavenRepository\ch\qos\logback\logback-classic\1.2.3\logback-classic-1.2.3.jar;C:\MavenRepository\ch\qos\logback\logback-core\1.2.3\logback-core-1.2.3.jar;C:\MavenRepository\org\apache\logging\log4j\log4j-to-slf4j\2.13.3\log4j-to-slf4j-2.13.3.jar;C:\MavenRepository\org\apache\logging\log4j\log4j-api\2.13.3\log4j-api-2.13.3.jar;C:\MavenRepository\org\slf4j\jul-to-slf4j\1.7.30\jul-to-slf4j-1.7.30.jar;C:\MavenRepository\jakarta\annotation\jakarta.annotation-api\1.3.5\jakarta.annotation-api-1.3.5.jar;C:\MavenRepository\org\yaml\snakeyaml\1.27\snakeyaml-1.27.jar;C:\MavenRepository\org\springframework\boot\spring-boot-starter-json\2.4.1\spring-boot-starter-json-2.4.1.jar;C:\MavenRepository\com\fasterxml\jackson\core\jackson-databind\2.11.3\jackson-databind-2.11.3.jar;C:\MavenRepository\com\fasterxml\jackson\core\jackson-annotations\2.11.3\jackson-annotations-2.11.3.jar;C:\MavenRepository\com\fasterxml\jackson\core\jackson-core\2.11.3\jackson-core-2.11.3.jar;C:\MavenRepository\com\fasterxml\jackson\datatype\jackson-datatype-jdk8\2.11.3\jackson-datatype-jdk8-2.11.3.jar;C:\MavenRepository\com\fasterxml\jackson\datatype\jackson-datatype-jsr310\2.11.3\jackson-datatype-jsr310-2.11.3.jar;C:\MavenRepository\com\fasterxml\jackson\module\jackson-module-parameter-names\2.11.3\jackson-module-parameter-names-2.11.3.jar;C:\MavenRepository\org\springframework\boot\spring-boot-starter-tomcat\2.4.1\spring-boot-starter-tomcat-2.4.1.jar;C:\MavenRepository\org\apache\tomcat\embed\tomcat-embed-core\9.0.41\tomcat-embed-core-9.0.41.jar;C:\MavenRepository\org\glassfish\jakarta.el\3.0.3\jakarta.el-3.0.3.jar;C:\MavenRepository\org\apache\tomcat\embed\tomcat-embed-websocket\9.0.41\tomcat-embed-websocket-9.0.41.jar;C:\MavenRepository\org\springframework\spring-web\5.3.2\spring-web-5.3.2.jar;C:\MavenRepository\org\springframework\spring-beans\5.3.2\spring-beans-5.3.2.jar;C:\MavenRepository\org\springframework\spring-webmvc\5.3.2\spring-webmvc-5.3.2.jar;C:\MavenRepository\org\springframework\spring-aop\5.3.2\spring-aop-5.3.2.jar;C:\MavenRepository\org\springframework\spring-context\5.3.2\spring-context-5.3.2.jar;C:\MavenRepository\org\springframework\spring-expression\5.3.2\spring-expression-5.3.2.jar;C:\MavenRepository\org\springframework\boot\spring-boot-starter-test\2.4.1\spring-boot-starter-test-2.4.1.jar;C:\MavenRepository\org\springframework\boot\spring-boot-test\2.4.1\spring-boot-test-2.4.1.jar;C:\MavenRepository\org\springframework\boot\spring-boot-test-autoconfigure\2.4.1\spring-boot-test-autoconfigure-2.4.1.jar;C:\MavenRepository\com\jayway\jsonpath\json-path\2.4.0\json-path-2.4.0.jar;C:\MavenRepository\net\minidev\json-smart\2.3\json-smart-2.3.jar;C:\MavenRepository\net\minidev\accessors-smart\1.2\accessors-smart-1.2.jar;C:\MavenRepository\org\ow2\asm\asm\5.0.4\asm-5.0.4.jar;C:\MavenRepository\jakarta\xml\bind\jakarta.xml.bind-api\2.3.3\jakarta.xml.bind-api-2.3.3.jar;C:\MavenRepository\jakarta\activation\jakarta.activation-api\1.2.2\jakarta.activation-api-1.2.2.jar;C:\MavenRepository\org\assertj\assertj-core\3.18.1\assertj-core-3.18.1.jar;C:\MavenRepository\org\hamcrest\hamcrest\2.2\hamcrest-2.2.jar;C:\MavenRepository\org\junit\jupiter\junit-jupiter\5.7.0\junit-jupiter-5.7.0.jar;C:\MavenRepository\org\junit\jupiter\junit-jupiter-api\5.7.0\junit-jupiter-api-5.7.0.jar;C:\MavenRepository\org\apiguardian\apiguardian-api\1.1.0\apiguardian-api-1.1.0.jar;C:\MavenRepository\org\opentest4j\opentest4j\1.2.0\opentest4j-1.2.0.jar;C:\MavenRepository\org\junit\platform\junit-platform-commons\1.7.0\junit-platform-commons-1.7.0.jar;C:\MavenRepository\org\junit\jupiter\junit-jupiter-params\5.7.0\junit-jupiter-params-5.7.0.jar;C:\MavenRepository\org\junit\jupiter\junit-jupiter-engine\5.7.0\junit-jupiter-engine-5.7.0.jar;C:\MavenRepository\org\junit\platform\junit-platform-engine\1.7.0\junit-platform-engine-1.7.0.jar;C:\MavenRepository\org\mockito\mockito-core\3.6.28\mockito-core-3.6.28.jar;C:\MavenRepository\net\bytebuddy\byte-buddy\1.10.18\byte-buddy-1.10.18.jar;C:\MavenRepository\net\bytebuddy\byte-buddy-agent\1.10.18\byte-buddy-agent-1.10.18.jar;C:\MavenRepository\org\objenesis\objenesis\3.1\objenesis-3.1.jar;C:\MavenRepository\org\mockito\mockito-junit-jupiter\3.6.28\mockito-junit-jupiter-3.6.28.jar;C:\MavenRepository\org\skyscreamer\jsonassert\1.5.0\jsonassert-1.5.0.jar;C:\MavenRepository\com\vaadin\external\google\android-json\0.0.20131108.vaadin1\android-json-0.0.20131108.vaadin1.jar;C:\MavenRepository\org\springframework\spring-core\5.3.2\spring-core-5.3.2.jar;C:\MavenRepository\org\springframework\spring-jcl\5.3.2\spring-jcl-5.3.2.jar;C:\MavenRepository\org\springframework\spring-test\5.3.2\spring-test-5.3.2.jar;C:\MavenRepository\org\xmlunit\xmlunit-core\2.7.0\xmlunit-core-2.7.0.jar;C:\MavenRepository\com\rabbitmq\amqp-client\5.7.2\amqp-client-5.7.2.jar;C:\MavenRepository\org\slf4j\slf4j-api\1.7.30\slf4j-api-1.7.30.jar;"/>
    <property name="sun.cpu.endian" value="little"/>
    <property name="user.home" value="C:\Users\0"/>
    <property name="user.language" value="zh"/>
    <property name="java.specification.vendor" value="Oracle Corporation"/>
    <property name="java.home" value="C:\Program Files (x86)\Java\jdk1.8.0_152\jre"/>
    <property name="basedir" value="C:\study\hellomq"/>
    <property name="file.separator" value="\"/>
    <property name="line.separator" value="&#10;"/>
    <property name="java.vm.specification.vendor" value="Oracle Corporation"/>
    <property name="java.specification.name" value="Java Platform API Specification"/>
    <property name="java.awt.graphicsenv" value="sun.awt.Win32GraphicsEnvironment"/>
    <property name="surefire.real.class.path" value="C:\Users\0\AppData\Local\Temp\surefire2994505435565968279\surefirebooter6709747748998414233.jar"/>
    <property name="sun.boot.class.path" value="C:\Program Files (x86)\Java\jdk1.8.0_152\jre\lib\resources.jar;C:\Program Files (x86)\Java\jdk1.8.0_152\jre\lib\rt.jar;C:\Program Files (x86)\Java\jdk1.8.0_152\jre\lib\sunrsasign.jar;C:\Program Files (x86)\Java\jdk1.8.0_152\jre\lib\jsse.jar;C:\Program Files (x86)\Java\jdk1.8.0_152\jre\lib\jce.jar;C:\Program Files (x86)\Java\jdk1.8.0_152\jre\lib\charsets.jar;C:\Program Files (x86)\Java\jdk1.8.0_152\jre\lib\jfr.jar;C:\Program Files (x86)\Java\jdk1.8.0_152\jre\classes"/>
    <property name="user.script" value=""/>
    <property name="sun.management.compiler" value="HotSpot Client Compiler"/>
    <property name="java.runtime.version" value="1.8.0_152-b16"/>
    <property name="user.name" value="0"/>
    <property name="path.separator" value=";"/>
    <property name="os.version" value="10.0"/>
    <property name="java.endorsed.dirs" value="C:\Program Files (x86)\Java\jdk1.8.0_152\jre\lib\endorsed"/>
    <property name="java.runtime.name" value="Java(TM) SE Runtime Environment"/>
    <property name="file.encoding" value="GBK"/>
    <property name="java.vm.name" value="Java HotSpot(TM) Client VM"/>
    <property name="localRepository" value="C:\MavenRepository"/>
    <property name="java.vendor.url.bug" value="http://bugreport.sun.com/bugreport/"/>
    <property name="java.io.tmpdir" value="C:\Users\0\AppData\Local\Temp\"/>
    <property name="java.version" value="1.8.0_152"/>
    <property name="user.dir" value="C:\study\hellomq"/>
    <property name="os.arch" value="x86"/>
    <property name="java.vm.specification.name" value="Java Virtual Machine Specification"/>
    <property name="java.awt.printerjob" value="sun.awt.windows.WPrinterJob"/>
    <property name="sun.os.patch.level" value=""/>
    <property name="java.library.path" value="C:\Program Files (x86)\Java\jdk1.8.0_152\jre\bin;C:\windows\Sun\Java\bin;C:\windows\system32;C:\windows;C:\tools\Xftp 6\;C:\tools\Xshell6\;C:\Program Files (x86)\Java\jdk1.8.0_152\bin;C:\Program Files (x86)\Java\jdk1.8.0_152\jre\bin;C:\ProgramData\Oracle\Java\javapath;C:\windows\system32;C:\windows;C:\windows\System32\Wbem;C:\windows\System32\WindowsPowerShell\v1.0\;C:\windows\System32\OpenSSH\;C:\Program Files (x86)\Java\mysql-5.7.25-winx64\bin;C:\Program Files (x86)\Java\apache-maven-3.6.3\bin;C:\Program Files (x86)\Java\Git\cmd;C:\tools\erl-23.0\bin;C:\java\nodejs\;C:\Users\0\AppData\Local\Microsoft\WindowsApps;C:\tools\;C:\java\nodejs\node_global;;."/>
    <property name="java.vm.info" value="mixed mode, sharing"/>
    <property name="java.vendor" value="Oracle Corporation"/>
    <property name="java.vm.version" value="25.152-b16"/>
    <property name="java.ext.dirs" value="C:\Program Files (x86)\Java\jdk1.8.0_152\jre\lib\ext;C:\windows\Sun\Java\lib\ext"/>
    <property name="sun.io.unicode.encoding" value="UnicodeLittle"/>
    <property name="java.class.version" value="52.0"/>
  </properties>
  <testcase name="contextLoads" classname="hellomq.HellomqApplicationTests" time="0.141"/>
</testsuite>